#
# There is insufficient memory for the Java Runtime Environment to continue.
# Native memory allocation (mmap) failed to map 2097152 bytes for G1 virtual space
# Possible reasons:
#   The system is out of physical RAM or swap space
#   The process is running with CompressedOops enabled, and the Java Heap may be blocking the growth of the native heap
# Possible solutions:
#   Reduce memory load on the system
#   Increase physical memory or swap space
#   Check if swap backing store is full
#   Decrease Java heap size (-Xmx/-Xms)
#   Decrease number of Java threads
#   Decrease Java thread stack sizes (-Xss)
#   Set larger code cache with -XX:ReservedCodeCacheSize=
#   JVM is running with Zero Based Compressed Oops mode in which the Java heap is
#     placed in the first 32GB address space. The Java Heap base address is the
#     maximum limit for the native heap growth. Please use -XX:HeapBaseMinAddress
#     to set the Java Heap base and to place the Java Heap above 32GB virtual address.
# This output file may be truncated or incomplete.
#
#  Out of Memory Error (./open/src/hotspot/os/windows/os_windows.cpp:3321), pid=8700, tid=8220
#
# JRE version: Java(TM) SE Runtime Environment (15.0.2+7) (build 15.0.2+7-27)
# Java VM: Java HotSpot(TM) 64-Bit Server VM (15.0.2+7-27, mixed mode, sharing, tiered, compressed oops, g1 gc, windows-amd64)
# No core dump will be written. Minidumps are not enabled by default on client versions of Windows
#

---------------  S U M M A R Y ------------

Command Line: -Dfile.encoding=UTF-8 --module-path=D:\GitHub\MarioTriviaRN\MarioTrivia\build\classes mariotrivia.SchermataConnessione

Host: Intel(R) Core(TM) i5-9600K CPU @ 3.70GHz, 6 cores, 15G,  Windows 10 , 64 bit Build 22000 (10.0.22000.434)
Time: Thu Jan 13 00:57:39 2022 ora solare Europa occidentale elapsed time: 21.607027 seconds (0d 0h 0m 21s)

---------------  T H R E A D  ---------------

Current thread (0x000002b70afd0330):  JavaThread "AWT-EventQueue-0" [_thread_in_vm, id=8220, stack(0x000000cca8300000,0x000000cca8400000)]

Stack: [0x000000cca8300000,0x000000cca8400000]
Native frames: (J=compiled Java code, j=interpreted, Vv=VM code, C=native code)
V  [jvm.dll+0x62ae9a]
V  [jvm.dll+0x7817a9]
V  [jvm.dll+0x782f03]
V  [jvm.dll+0x783563]
V  [jvm.dll+0x216325]
V  [jvm.dll+0x6281d9]
V  [jvm.dll+0x61cf55]
V  [jvm.dll+0x2cffdd]
V  [jvm.dll+0x2cfe42]
V  [jvm.dll+0x2d5e1c]
V  [jvm.dll+0x32590a]
V  [jvm.dll+0x325071]
V  [jvm.dll+0x324cf1]
V  [jvm.dll+0x2a76ee]
V  [jvm.dll+0x2a2d9f]
V  [jvm.dll+0x5bd193]
V  [jvm.dll+0x1e4a55]
V  [jvm.dll+0x75b8c6]
V  [jvm.dll+0x1642ee]
C  0x000002b76de19c72

Java frames: (J=compiled Java code, j=interpreted, Vv=VM code)
v  ~RuntimeStub::new_type_array Runtime1 stub
J 2336 c1 java.awt.image.Raster.createPackedRaster(III[ILjava/awt/Point;)Ljava/awt/image/WritableRaster; java.desktop@15.0.2 (103 bytes) @ 0x000002b76e70de6d [0x000002b76e70d740+0x000000000000072d]
J 2335 c1 java.awt.image.DirectColorModel.createCompatibleWritableRaster(II)Ljava/awt/image/WritableRaster; java.desktop@15.0.2 (114 bytes) @ 0x000002b76e70d05c [0x000002b76e70cca0+0x00000000000003bc]
J 2349 c1 sun.awt.Win32GraphicsConfig.createAcceleratedImage(Ljava/awt/Component;II)Ljava/awt/Image; java.desktop@15.0.2 (34 bytes) @ 0x000002b76e721abc [0x000002b76e7218e0+0x00000000000001dc]
J 2348 c1 sun.awt.windows.WComponentPeer.createImage(II)Ljava/awt/Image; java.desktop@15.0.2 (22 bytes) @ 0x000002b76e721464 [0x000002b76e720e60+0x0000000000000604]
J 2311 c1 java.awt.Component.createImage(II)Ljava/awt/Image; java.desktop@15.0.2 (48 bytes) @ 0x000002b76e6f8bcc [0x000002b76e6f88e0+0x00000000000002ec]
J 2129 c1 mariotrivia.Tris.paint(Ljava/awt/Graphics;)V (921 bytes) @ 0x000002b76e6951bc [0x000002b76e694f60+0x000000000000025c]
j  javax.swing.RepaintManager$4.run()Ljava/lang/Void;+142 java.desktop@15.0.2
j  javax.swing.RepaintManager$4.run()Ljava/lang/Object;+1 java.desktop@15.0.2
J 986 c1 java.security.ProtectionDomain$JavaSecurityAccessImpl.doIntersectionPrivilege(Ljava/security/PrivilegedAction;Ljava/security/AccessControlContext;Ljava/security/AccessControlContext;)Ljava/lang/Object; java.base@15.0.2 (22 bytes) @ 0x000002b76e428cb4 [0x000002b76e428a20+0x0000000000000294]
j  javax.swing.RepaintManager.paintDirtyRegions(Ljava/util/Map;)V+154 java.desktop@15.0.2
j  javax.swing.RepaintManager.paintDirtyRegions()V+46 java.desktop@15.0.2
j  javax.swing.RepaintManager.prePaintDirtyRegions()V+73 java.desktop@15.0.2
J 2279 c1 javax.swing.RepaintManager$ProcessingRunnable.run()V java.desktop@15.0.2 (41 bytes) @ 0x000002b76e6e454c [0x000002b76e6e43e0+0x000000000000016c]
J 1201 c1 java.awt.event.InvocationEvent.dispatch()V java.desktop@15.0.2 (69 bytes) @ 0x000002b76e4a222c [0x000002b76e4a2000+0x000000000000022c]
J 1178 c1 java.awt.EventQueue.dispatchEventImpl(Ljava/awt/AWTEvent;Ljava/lang/Object;)V java.desktop@15.0.2 (136 bytes) @ 0x000002b76e496734 [0x000002b76e494bc0+0x0000000000001b74]
J 1182 c1 java.awt.EventQueue$4.run()Ljava/lang/Void; java.desktop@15.0.2 (60 bytes) @ 0x000002b76e49ad44 [0x000002b76e49ac00+0x0000000000000144]
J 1148 c1 java.awt.EventQueue.dispatchEvent(Ljava/awt/AWTEvent;)V java.desktop@15.0.2 (80 bytes) @ 0x000002b76e47f12c [0x000002b76e47eb60+0x00000000000005cc]
J 1150 c1 java.awt.EventDispatchThread.pumpOneEventForFilters(I)V java.desktop@15.0.2 (113 bytes) @ 0x000002b76e481224 [0x000002b76e480b80+0x00000000000006a4]
j  java.awt.EventDispatchThread.pumpEventsForFilter(ILjava/awt/Conditional;Ljava/awt/EventFilter;)V+35 java.desktop@15.0.2
j  java.awt.EventDispatchThread.pumpEventsForHierarchy(ILjava/awt/Conditional;Ljava/awt/Component;)V+11 java.desktop@15.0.2
j  java.awt.EventDispatchThread.pumpEvents(ILjava/awt/Conditional;)V+4 java.desktop@15.0.2
j  java.awt.EventDispatchThread.pumpEvents(Ljava/awt/Conditional;)V+3 java.desktop@15.0.2
j  java.awt.EventDispatchThread.run()V+9 java.desktop@15.0.2
v  ~StubRoutines::call_stub

---------------  P R O C E S S  ---------------

Threads class SMR info:
_java_thread_list=0x000002b7122924f0, length=20, elements={
0x000002b77ee45fc0, 0x000002b77ee46aa0, 0x000002b77ee5a110, 0x000002b77ee5c9e0,
0x000002b77ee5d2a0, 0x000002b77f785110, 0x000002b77f790480, 0x000002b77f79cb10,
0x000002b77f89eff0, 0x000002b77f9151e0, 0x000002b77fb192f0, 0x000002b77fb197c0,
0x000002b77fb19c90, 0x000002b70afd0330, 0x000002b765ae26b0, 0x000002b711e5e4a0,
0x000002b711e61b50, 0x000002b711eed060, 0x000002b712607150, 0x000002b7128cc680
}

Java Threads: ( => current thread )
  0x000002b77ee45fc0 JavaThread "Reference Handler" daemon [_thread_blocked, id=2084, stack(0x000000cca7500000,0x000000cca7600000)]
  0x000002b77ee46aa0 JavaThread "Finalizer" daemon [_thread_blocked, id=18340, stack(0x000000cca7600000,0x000000cca7700000)]
  0x000002b77ee5a110 JavaThread "Signal Dispatcher" daemon [_thread_blocked, id=20012, stack(0x000000cca7700000,0x000000cca7800000)]
  0x000002b77ee5c9e0 JavaThread "Attach Listener" daemon [_thread_blocked, id=3228, stack(0x000000cca7800000,0x000000cca7900000)]
  0x000002b77ee5d2a0 JavaThread "Service Thread" daemon [_thread_blocked, id=13660, stack(0x000000cca7900000,0x000000cca7a00000)]
  0x000002b77f785110 JavaThread "C2 CompilerThread0" daemon [_thread_blocked, id=5460, stack(0x000000cca7a00000,0x000000cca7b00000)]
  0x000002b77f790480 JavaThread "C1 CompilerThread0" daemon [_thread_blocked, id=2744, stack(0x000000cca7b00000,0x000000cca7c00000)]
  0x000002b77f79cb10 JavaThread "Sweeper thread" daemon [_thread_blocked, id=6920, stack(0x000000cca7c00000,0x000000cca7d00000)]
  0x000002b77f89eff0 JavaThread "Common-Cleaner" daemon [_thread_blocked, id=18652, stack(0x000000cca7d00000,0x000000cca7e00000)]
  0x000002b77f9151e0 JavaThread "Notification Thread" daemon [_thread_blocked, id=5688, stack(0x000000cca7e00000,0x000000cca7f00000)]
  0x000002b77fb192f0 JavaThread "Java2D Disposer" daemon [_thread_blocked, id=6744, stack(0x000000cca8000000,0x000000cca8100000)]
  0x000002b77fb197c0 JavaThread "AWT-Shutdown" [_thread_blocked, id=10968, stack(0x000000cca8100000,0x000000cca8200000)]
  0x000002b77fb19c90 JavaThread "AWT-Windows" daemon [_thread_in_native, id=6220, stack(0x000000cca8200000,0x000000cca8300000)]
=>0x000002b70afd0330 JavaThread "AWT-EventQueue-0" [_thread_in_vm, id=8220, stack(0x000000cca8300000,0x000000cca8400000)]
  0x000002b765ae26b0 JavaThread "DestroyJavaVM" [_thread_blocked, id=13092, stack(0x000000cca6e00000,0x000000cca6f00000)]
  0x000002b711e5e4a0 JavaThread "Thread-0" [_thread_in_native, id=2496, stack(0x000000cca8900000,0x000000cca8a00000)]
  0x000002b711e61b50 JavaThread "D3D Screen Updater" daemon [_thread_blocked, id=4316, stack(0x000000cca8a00000,0x000000cca8b00000)]
  0x000002b711eed060 JavaThread "TimerQueue" daemon [_thread_blocked, id=8988, stack(0x000000cca8b00000,0x000000cca8c00000)]
  0x000002b712607150 JavaThread "Thread-2" [_thread_blocked, id=11932, stack(0x000000cca8d10000,0x000000cca8e10000)]
  0x000002b7128cc680 JavaThread "Thread-4" [_thread_blocked, id=15908, stack(0x000000cca9320000,0x000000cca9420000)]

Other Threads:
  0x000002b77ee42820 VMThread "VM Thread" [stack: 0x000000cca7400000,0x000000cca7500000] [id=19028]
  0x000002b765ae3630 WatcherThread [stack: 0x000000cca7f00000,0x000000cca8000000] [id=12456]
  0x000002b765b329d0 GCTaskThread "GC Thread#0" [stack: 0x000000cca6f00000,0x000000cca7000000] [id=13880]
  0x000002b70b364a50 GCTaskThread "GC Thread#1" [stack: 0x000000cca8e10000,0x000000cca8f10000] [id=6812]
  0x000002b70b3663d0 GCTaskThread "GC Thread#2" [stack: 0x000000cca8f10000,0x000000cca9010000] [id=7940]
  0x000002b70b366700 GCTaskThread "GC Thread#3" [stack: 0x000000cca9010000,0x000000cca9110000] [id=10648]
  0x000002b70b365a40 GCTaskThread "GC Thread#4" [stack: 0x000000cca9110000,0x000000cca9210000] [id=1880]
  0x000002b70b365710 GCTaskThread "GC Thread#5" [stack: 0x000000cca9210000,0x000000cca9310000] [id=1436]
  0x000002b765b45920 ConcurrentGCThread "G1 Main Marker" [stack: 0x000000cca7000000,0x000000cca7100000] [id=18764]
  0x000002b765b46bc0 ConcurrentGCThread "G1 Conc#0" [stack: 0x000000cca7100000,0x000000cca7200000] [id=9604]
  0x000002b70b367d50 ConcurrentGCThread "G1 Conc#1" [stack: 0x000000cca8c10000,0x000000cca8d10000] [id=2124]
  0x000002b765bb2f80 ConcurrentGCThread "G1 Refine#0" [stack: 0x000000cca7200000,0x000000cca7300000] [id=10680]
  0x000002b765bb3a90 ConcurrentGCThread "G1 Young RemSet Sampling" [stack: 0x000000cca7300000,0x000000cca7400000] [id=1004]

Threads with active compile tasks:

VM state: not at safepoint (normal execution)

VM Mutex/Monitor currently owned by a thread:  ([mutex/lock_event])
[0x000002b765adec30] Heap_lock - owner thread: 0x000002b70afd0330

Heap address: 0x0000000702200000, size: 4062 MB, Compressed Oops mode: Zero based, Oop shift amount: 3
CDS archive(s) mapped at: [0x0000000800000000-0x0000000800b50000-0x0000000800b50000), size 11862016, SharedBaseAddress: 0x0000000800000000, ArchiveRelocationMode: 0.
Compressed class space mapped at: 0x0000000800b50000-0x0000000840b50000, size: 1073741824
Narrow klass base: 0x0000000800000000, Narrow klass shift: 3, Narrow klass range: 0x100000000

GC Precious Log:
 CPUs: 6 total, 6 available
 Memory: 16246M
 Large Page Support: Disabled
 NUMA Support: Disabled
 Compressed Oops: Enabled (Zero based)
 Heap Region Size: 2M
 Heap Min Capacity: 8M
 Heap Initial Capacity: 254M
 Heap Max Capacity: 4062M
 Pre-touch: Disabled
 Parallel Workers: 6
 Concurrent Workers: 2
 Concurrent Refinement Workers: 6
 Periodic GC: Disabled

Heap:
 garbage-first heap   total 479232K, used 467762K [0x0000000702200000, 0x0000000800000000)
  region size 2048K, 2 young (4096K), 1 survivors (2048K)
 Metaspace       used 13669K, capacity 13820K, committed 13952K, reserved 1060864K
  class space    used 1486K, capacity 1547K, committed 1664K, reserved 1048576K

Heap Regions: E=young(eden), S=young(survivor), O=old, HS=humongous(starts), HC=humongous(continues), CS=collection set, F=free, OA=open archive, CA=closed archive, TAMS=top-at-mark-start (previous, next)
|   0|0x0000000702200000, 0x0000000702400000, 0x0000000702400000|100%|HS|  |TAMS 0x0000000702200000, 0x0000000702200000| Complete 
|   1|0x0000000702400000, 0x0000000702600000, 0x0000000702600000|100%|HC|  |TAMS 0x0000000702400000, 0x0000000702400000| Complete 
|   2|0x0000000702600000, 0x0000000702800000, 0x0000000702800000|100%| O|  |TAMS 0x0000000702800000, 0x0000000702600000| Untracked 
|   3|0x0000000702800000, 0x0000000702a00000, 0x0000000702a00000|100%|HS|  |TAMS 0x0000000702800000, 0x0000000702800000| Complete 
|   4|0x0000000702a00000, 0x0000000702c00000, 0x0000000702c00000|100%|HC|  |TAMS 0x0000000702a00000, 0x0000000702a00000| Complete 
|   5|0x0000000702c00000, 0x0000000702e00000, 0x0000000702e00000|100%|HS|  |TAMS 0x0000000702c00000, 0x0000000702c00000| Complete 
|   6|0x0000000702e00000, 0x0000000703000000, 0x0000000703000000|100%|HC|  |TAMS 0x0000000702e00000, 0x0000000702e00000| Complete 
|   7|0x0000000703000000, 0x0000000703200000, 0x0000000703200000|100%|HS|  |TAMS 0x0000000703000000, 0x0000000703000000| Complete 
|   8|0x0000000703200000, 0x0000000703400000, 0x0000000703400000|100%|HC|  |TAMS 0x0000000703200000, 0x0000000703200000| Complete 
|   9|0x0000000703400000, 0x0000000703600000, 0x0000000703600000|100%|HS|  |TAMS 0x0000000703400000, 0x0000000703400000| Complete 
|  10|0x0000000703600000, 0x0000000703800000, 0x0000000703800000|100%|HC|  |TAMS 0x0000000703600000, 0x0000000703600000| Complete 
|  11|0x0000000703800000, 0x000000070383de00, 0x0000000703a00000| 12%| O|  |TAMS 0x000000070383cc00, 0x0000000703800000| Complete 
|  12|0x0000000703a00000, 0x0000000703c00000, 0x0000000703c00000|100%|HS|  |TAMS 0x0000000703a00000, 0x0000000703a00000| Complete 
|  13|0x0000000703c00000, 0x0000000703e00000, 0x0000000703e00000|100%|HC|  |TAMS 0x0000000703c00000, 0x0000000703c00000| Complete 
|  14|0x0000000703e00000, 0x0000000704000000, 0x0000000704000000|100%|HS|  |TAMS 0x0000000703e00000, 0x0000000703e00000| Complete 
|  15|0x0000000704000000, 0x0000000704200000, 0x0000000704200000|100%|HC|  |TAMS 0x0000000704000000, 0x0000000704000000| Complete 
|  16|0x0000000704200000, 0x0000000704400000, 0x0000000704400000|100%|HS|  |TAMS 0x0000000704200000, 0x0000000704200000| Complete 
|  17|0x0000000704400000, 0x0000000704600000, 0x0000000704600000|100%|HC|  |TAMS 0x0000000704400000, 0x0000000704400000| Complete 
|  18|0x0000000704600000, 0x0000000704800000, 0x0000000704800000|100%|HS|  |TAMS 0x0000000704600000, 0x0000000704600000| Complete 
|  19|0x0000000704800000, 0x0000000704a00000, 0x0000000704a00000|100%|HC|  |TAMS 0x0000000704800000, 0x0000000704800000| Complete 
|  20|0x0000000704a00000, 0x0000000704a00000, 0x0000000704c00000|  0%| F|  |TAMS 0x0000000704a00000, 0x0000000704a00000| Untracked 
|  21|0x0000000704c00000, 0x0000000704e00000, 0x0000000704e00000|100%|HS|  |TAMS 0x0000000704c00000, 0x0000000704c00000| Complete 
|  22|0x0000000704e00000, 0x0000000705000000, 0x0000000705000000|100%|HC|  |TAMS 0x0000000704e00000, 0x0000000704e00000| Complete 
|  23|0x0000000705000000, 0x0000000705200000, 0x0000000705200000|100%|HS|  |TAMS 0x0000000705000000, 0x0000000705000000| Complete 
|  24|0x0000000705200000, 0x0000000705400000, 0x0000000705400000|100%|HC|  |TAMS 0x0000000705200000, 0x0000000705200000| Complete 
|  25|0x0000000705400000, 0x0000000705600000, 0x0000000705600000|100%|HS|  |TAMS 0x0000000705400000, 0x0000000705400000| Complete 
|  26|0x0000000705600000, 0x0000000705800000, 0x0000000705800000|100%|HC|  |TAMS 0x0000000705600000, 0x0000000705600000| Complete 
|  27|0x0000000705800000, 0x0000000705a00000, 0x0000000705a00000|100%|HS|  |TAMS 0x0000000705800000, 0x0000000705800000| Complete 
|  28|0x0000000705a00000, 0x0000000705c00000, 0x0000000705c00000|100%|HC|  |TAMS 0x0000000705a00000, 0x0000000705a00000| Complete 
|  29|0x0000000705c00000, 0x0000000705e00000, 0x0000000705e00000|100%|HS|  |TAMS 0x0000000705c00000, 0x0000000705c00000| Complete 
|  30|0x0000000705e00000, 0x0000000706000000, 0x0000000706000000|100%|HC|  |TAMS 0x0000000705e00000, 0x0000000705e00000| Complete 
|  31|0x0000000706000000, 0x0000000706200000, 0x0000000706200000|100%|HS|  |TAMS 0x0000000706000000, 0x0000000706000000| Complete 
|  32|0x0000000706200000, 0x0000000706400000, 0x0000000706400000|100%|HC|  |TAMS 0x0000000706200000, 0x0000000706200000| Complete 
|  33|0x0000000706400000, 0x0000000706600000, 0x0000000706600000|100%|HS|  |TAMS 0x0000000706400000, 0x0000000706400000| Complete 
|  34|0x0000000706600000, 0x0000000706800000, 0x0000000706800000|100%|HC|  |TAMS 0x0000000706600000, 0x0000000706600000| Complete 
|  35|0x0000000706800000, 0x0000000706a00000, 0x0000000706a00000|100%|HS|  |TAMS 0x0000000706800000, 0x0000000706800000| Complete 
|  36|0x0000000706a00000, 0x0000000706c00000, 0x0000000706c00000|100%|HC|  |TAMS 0x0000000706a00000, 0x0000000706a00000| Complete 
|  37|0x0000000706c00000, 0x0000000706e00000, 0x0000000706e00000|100%|HS|  |TAMS 0x0000000706c00000, 0x0000000706c00000| Complete 
|  38|0x0000000706e00000, 0x0000000707000000, 0x0000000707000000|100%|HC|  |TAMS 0x0000000706e00000, 0x0000000706e00000| Complete 
|  39|0x0000000707000000, 0x0000000707200000, 0x0000000707200000|100%|HS|  |TAMS 0x0000000707000000, 0x0000000707000000| Complete 
|  40|0x0000000707200000, 0x0000000707400000, 0x0000000707400000|100%|HC|  |TAMS 0x0000000707200000, 0x0000000707200000| Complete 
|  41|0x0000000707400000, 0x0000000707600000, 0x0000000707600000|100%|HS|  |TAMS 0x0000000707400000, 0x0000000707400000| Complete 
|  42|0x0000000707600000, 0x0000000707800000, 0x0000000707800000|100%|HC|  |TAMS 0x0000000707600000, 0x0000000707600000| Complete 
|  43|0x0000000707800000, 0x0000000707a00000, 0x0000000707a00000|100%|HS|  |TAMS 0x0000000707800000, 0x0000000707800000| Complete 
|  44|0x0000000707a00000, 0x0000000707c00000, 0x0000000707c00000|100%|HC|  |TAMS 0x0000000707a00000, 0x0000000707a00000| Complete 
|  45|0x0000000707c00000, 0x0000000707e00000, 0x0000000707e00000|100%|HS|  |TAMS 0x0000000707c00000, 0x0000000707c00000| Complete 
|  46|0x0000000707e00000, 0x0000000708000000, 0x0000000708000000|100%|HC|  |TAMS 0x0000000707e00000, 0x0000000707e00000| Complete 
|  47|0x0000000708000000, 0x0000000708200000, 0x0000000708200000|100%|HS|  |TAMS 0x0000000708000000, 0x0000000708000000| Complete 
|  48|0x0000000708200000, 0x0000000708400000, 0x0000000708400000|100%|HC|  |TAMS 0x0000000708200000, 0x0000000708200000| Complete 
|  49|0x0000000708400000, 0x0000000708600000, 0x0000000708600000|100%|HS|  |TAMS 0x0000000708400000, 0x0000000708400000| Complete 
|  50|0x0000000708600000, 0x0000000708800000, 0x0000000708800000|100%|HC|  |TAMS 0x0000000708600000, 0x0000000708600000| Complete 
|  51|0x0000000708800000, 0x0000000708a00000, 0x0000000708a00000|100%|HS|  |TAMS 0x0000000708800000, 0x0000000708800000| Complete 
|  52|0x0000000708a00000, 0x0000000708c00000, 0x0000000708c00000|100%|HC|  |TAMS 0x0000000708a00000, 0x0000000708a00000| Complete 
|  53|0x0000000708c00000, 0x0000000708e00000, 0x0000000708e00000|100%|HS|  |TAMS 0x0000000708c00000, 0x0000000708c00000| Complete 
|  54|0x0000000708e00000, 0x0000000709000000, 0x0000000709000000|100%|HC|  |TAMS 0x0000000708e00000, 0x0000000708e00000| Complete 
|  55|0x0000000709000000, 0x0000000709200000, 0x0000000709200000|100%|HS|  |TAMS 0x0000000709000000, 0x0000000709000000| Complete 
|  56|0x0000000709200000, 0x0000000709400000, 0x0000000709400000|100%|HC|  |TAMS 0x0000000709200000, 0x0000000709200000| Complete 
|  57|0x0000000709400000, 0x0000000709600000, 0x0000000709600000|100%| O|  |TAMS 0x0000000709600000, 0x0000000709400000| Untracked 
|  58|0x0000000709600000, 0x0000000709689400, 0x0000000709800000| 26%| O|  |TAMS 0x0000000709689400, 0x0000000709600000| Complete 
|  59|0x0000000709800000, 0x0000000709a00000, 0x0000000709a00000|100%|HS|  |TAMS 0x0000000709800000, 0x0000000709800000| Complete 
|  60|0x0000000709a00000, 0x0000000709c00000, 0x0000000709c00000|100%|HC|  |TAMS 0x0000000709a00000, 0x0000000709a00000| Complete 
|  61|0x0000000709c00000, 0x0000000709e00000, 0x0000000709e00000|100%|HS|  |TAMS 0x0000000709c00000, 0x0000000709c00000| Complete 
|  62|0x0000000709e00000, 0x000000070a000000, 0x000000070a000000|100%|HC|  |TAMS 0x0000000709e00000, 0x0000000709e00000| Complete 
|  63|0x000000070a000000, 0x000000070a200000, 0x000000070a200000|100%|HS|  |TAMS 0x000000070a000000, 0x000000070a000000| Complete 
|  64|0x000000070a200000, 0x000000070a400000, 0x000000070a400000|100%|HC|  |TAMS 0x000000070a200000, 0x000000070a200000| Complete 
|  65|0x000000070a400000, 0x000000070a600000, 0x000000070a600000|100%|HS|  |TAMS 0x000000070a400000, 0x000000070a400000| Complete 
|  66|0x000000070a600000, 0x000000070a800000, 0x000000070a800000|100%|HC|  |TAMS 0x000000070a600000, 0x000000070a600000| Complete 
|  67|0x000000070a800000, 0x000000070aa00000, 0x000000070aa00000|100%|HS|  |TAMS 0x000000070a800000, 0x000000070a800000| Complete 
|  68|0x000000070aa00000, 0x000000070ac00000, 0x000000070ac00000|100%|HC|  |TAMS 0x000000070aa00000, 0x000000070aa00000| Complete 
|  69|0x000000070ac00000, 0x000000070ae00000, 0x000000070ae00000|100%|HS|  |TAMS 0x000000070ac00000, 0x000000070ac00000| Complete 
|  70|0x000000070ae00000, 0x000000070b000000, 0x000000070b000000|100%|HC|  |TAMS 0x000000070ae00000, 0x000000070ae00000| Complete 
|  71|0x000000070b000000, 0x000000070b200000, 0x000000070b200000|100%|HS|  |TAMS 0x000000070b000000, 0x000000070b000000| Complete 
|  72|0x000000070b200000, 0x000000070b400000, 0x000000070b400000|100%|HC|  |TAMS 0x000000070b200000, 0x000000070b200000| Complete 
|  73|0x000000070b400000, 0x000000070b600000, 0x000000070b600000|100%|HS|  |TAMS 0x000000070b400000, 0x000000070b400000| Complete 
|  74|0x000000070b600000, 0x000000070b800000, 0x000000070b800000|100%|HC|  |TAMS 0x000000070b600000, 0x000000070b600000| Complete 
|  75|0x000000070b800000, 0x000000070ba00000, 0x000000070ba00000|100%|HS|  |TAMS 0x000000070b800000, 0x000000070b800000| Complete 
|  76|0x000000070ba00000, 0x000000070bc00000, 0x000000070bc00000|100%|HC|  |TAMS 0x000000070ba00000, 0x000000070ba00000| Complete 
|  77|0x000000070bc00000, 0x000000070be00000, 0x000000070be00000|100%|HS|  |TAMS 0x000000070bc00000, 0x000000070bc00000| Complete 
|  78|0x000000070be00000, 0x000000070c000000, 0x000000070c000000|100%|HC|  |TAMS 0x000000070be00000, 0x000000070be00000| Complete 
|  79|0x000000070c000000, 0x000000070c200000, 0x000000070c200000|100%|HS|  |TAMS 0x000000070c000000, 0x000000070c000000| Complete 
|  80|0x000000070c200000, 0x000000070c400000, 0x000000070c400000|100%|HC|  |TAMS 0x000000070c200000, 0x000000070c200000| Complete 
|  81|0x000000070c400000, 0x000000070c600000, 0x000000070c600000|100%|HS|  |TAMS 0x000000070c400000, 0x000000070c400000| Complete 
|  82|0x000000070c600000, 0x000000070c800000, 0x000000070c800000|100%|HC|  |TAMS 0x000000070c600000, 0x000000070c600000| Complete 
|  83|0x000000070c800000, 0x000000070ca00000, 0x000000070ca00000|100%|HS|  |TAMS 0x000000070c800000, 0x000000070c800000| Complete 
|  84|0x000000070ca00000, 0x000000070cc00000, 0x000000070cc00000|100%|HC|  |TAMS 0x000000070ca00000, 0x000000070ca00000| Complete 
|  85|0x000000070cc00000, 0x000000070ce00000, 0x000000070ce00000|100%|HS|  |TAMS 0x000000070cc00000, 0x000000070cc00000| Complete 
|  86|0x000000070ce00000, 0x000000070d000000, 0x000000070d000000|100%|HC|  |TAMS 0x000000070ce00000, 0x000000070ce00000| Complete 
|  87|0x000000070d000000, 0x000000070d200000, 0x000000070d200000|100%|HS|  |TAMS 0x000000070d000000, 0x000000070d000000| Complete 
|  88|0x000000070d200000, 0x000000070d400000, 0x000000070d400000|100%|HC|  |TAMS 0x000000070d200000, 0x000000070d200000| Complete 
|  89|0x000000070d400000, 0x000000070d600000, 0x000000070d600000|100%|HS|  |TAMS 0x000000070d400000, 0x000000070d400000| Complete 
|  90|0x000000070d600000, 0x000000070d800000, 0x000000070d800000|100%|HC|  |TAMS 0x000000070d600000, 0x000000070d600000| Complete 
|  91|0x000000070d800000, 0x000000070da00000, 0x000000070da00000|100%|HS|  |TAMS 0x000000070d800000, 0x000000070d800000| Complete 
|  92|0x000000070da00000, 0x000000070dc00000, 0x000000070dc00000|100%|HC|  |TAMS 0x000000070da00000, 0x000000070da00000| Complete 
|  93|0x000000070dc00000, 0x000000070de00000, 0x000000070de00000|100%|HS|  |TAMS 0x000000070dc00000, 0x000000070dc00000| Complete 
|  94|0x000000070de00000, 0x000000070e000000, 0x000000070e000000|100%|HC|  |TAMS 0x000000070de00000, 0x000000070de00000| Complete 
|  95|0x000000070e000000, 0x000000070e200000, 0x000000070e200000|100%|HS|  |TAMS 0x000000070e000000, 0x000000070e000000| Complete 
|  96|0x000000070e200000, 0x000000070e400000, 0x000000070e400000|100%|HC|  |TAMS 0x000000070e200000, 0x000000070e200000| Complete 
|  97|0x000000070e400000, 0x000000070e600000, 0x000000070e600000|100%|HS|  |TAMS 0x000000070e400000, 0x000000070e400000| Complete 
|  98|0x000000070e600000, 0x000000070e800000, 0x000000070e800000|100%|HC|  |TAMS 0x000000070e600000, 0x000000070e600000| Complete 
|  99|0x000000070e800000, 0x000000070ea00000, 0x000000070ea00000|100%|HS|  |TAMS 0x000000070e800000, 0x000000070e800000| Complete 
| 100|0x000000070ea00000, 0x000000070ec00000, 0x000000070ec00000|100%|HC|  |TAMS 0x000000070ea00000, 0x000000070ea00000| Complete 
| 101|0x000000070ec00000, 0x000000070ee00000, 0x000000070ee00000|100%|HS|  |TAMS 0x000000070ec00000, 0x000000070ec00000| Complete 
| 102|0x000000070ee00000, 0x000000070f000000, 0x000000070f000000|100%|HC|  |TAMS 0x000000070ee00000, 0x000000070ee00000| Complete 
| 103|0x000000070f000000, 0x000000070f200000, 0x000000070f200000|100%|HS|  |TAMS 0x000000070f000000, 0x000000070f000000| Complete 
| 104|0x000000070f200000, 0x000000070f400000, 0x000000070f400000|100%|HC|  |TAMS 0x000000070f200000, 0x000000070f200000| Complete 
| 105|0x000000070f400000, 0x000000070f600000, 0x000000070f600000|100%|HS|  |TAMS 0x000000070f400000, 0x000000070f400000| Complete 
| 106|0x000000070f600000, 0x000000070f800000, 0x000000070f800000|100%|HC|  |TAMS 0x000000070f600000, 0x000000070f600000| Complete 
| 107|0x000000070f800000, 0x000000070fa00000, 0x000000070fa00000|100%|HS|  |TAMS 0x000000070f800000, 0x000000070f800000| Complete 
| 108|0x000000070fa00000, 0x000000070fc00000, 0x000000070fc00000|100%|HC|  |TAMS 0x000000070fa00000, 0x000000070fa00000| Complete 
| 109|0x000000070fc00000, 0x000000070fe00000, 0x000000070fe00000|100%|HS|  |TAMS 0x000000070fc00000, 0x000000070fc00000| Complete 
| 110|0x000000070fe00000, 0x0000000710000000, 0x0000000710000000|100%|HC|  |TAMS 0x000000070fe00000, 0x000000070fe00000| Complete 
| 111|0x0000000710000000, 0x0000000710200000, 0x0000000710200000|100%|HS|  |TAMS 0x0000000710000000, 0x0000000710000000| Complete 
| 112|0x0000000710200000, 0x0000000710400000, 0x0000000710400000|100%|HC|  |TAMS 0x0000000710200000, 0x0000000710200000| Complete 
| 113|0x0000000710400000, 0x00000007104058b0, 0x0000000710600000|  1%| S|CS|TAMS 0x0000000710400000, 0x0000000710400000| Complete 
| 114|0x0000000710600000, 0x0000000710800000, 0x0000000710800000|100%|HS|  |TAMS 0x0000000710600000, 0x0000000710600000| Complete 
| 115|0x0000000710800000, 0x0000000710a00000, 0x0000000710a00000|100%|HC|  |TAMS 0x0000000710800000, 0x0000000710800000| Complete 
| 116|0x0000000710a00000, 0x0000000710c00000, 0x0000000710c00000|100%|HS|  |TAMS 0x0000000710a00000, 0x0000000710a00000| Complete 
| 117|0x0000000710c00000, 0x0000000710e00000, 0x0000000710e00000|100%|HC|  |TAMS 0x0000000710c00000, 0x0000000710c00000| Complete 
| 118|0x0000000710e00000, 0x0000000711000000, 0x0000000711000000|100%|HS|  |TAMS 0x0000000710e00000, 0x0000000710e00000| Complete 
| 119|0x0000000711000000, 0x0000000711200000, 0x0000000711200000|100%|HC|  |TAMS 0x0000000711000000, 0x0000000711000000| Complete 
| 120|0x0000000711200000, 0x0000000711400000, 0x0000000711400000|100%|HS|  |TAMS 0x0000000711200000, 0x0000000711200000| Complete 
| 121|0x0000000711400000, 0x0000000711600000, 0x0000000711600000|100%|HC|  |TAMS 0x0000000711400000, 0x0000000711400000| Complete 
| 122|0x0000000711600000, 0x0000000711800000, 0x0000000711800000|100%|HS|  |TAMS 0x0000000711600000, 0x0000000711600000| Complete 
| 123|0x0000000711800000, 0x0000000711a00000, 0x0000000711a00000|100%|HC|  |TAMS 0x0000000711800000, 0x0000000711800000| Complete 
| 125|0x0000000711c00000, 0x0000000711d1b918, 0x0000000711e00000| 55%| E|  |TAMS 0x0000000711c00000, 0x0000000711c00000| Complete 
| 126|0x0000000711e00000, 0x0000000712000000, 0x0000000712000000|100%|HS|  |TAMS 0x0000000711e00000, 0x0000000711e00000| Complete 
| 127|0x0000000712000000, 0x0000000712200000, 0x0000000712200000|100%|HC|  |TAMS 0x0000000712000000, 0x0000000712000000| Complete 
| 128|0x0000000712200000, 0x0000000712400000, 0x0000000712400000|100%|HS|  |TAMS 0x0000000712200000, 0x0000000712200000| Complete 
| 129|0x0000000712400000, 0x0000000712600000, 0x0000000712600000|100%|HC|  |TAMS 0x0000000712400000, 0x0000000712400000| Complete 
| 130|0x0000000712600000, 0x0000000712800000, 0x0000000712800000|100%|HS|  |TAMS 0x0000000712600000, 0x0000000712600000| Complete 
| 131|0x0000000712800000, 0x0000000712a00000, 0x0000000712a00000|100%|HC|  |TAMS 0x0000000712800000, 0x0000000712800000| Complete 
| 132|0x0000000712a00000, 0x0000000712c00000, 0x0000000712c00000|100%|HS|  |TAMS 0x0000000712a00000, 0x0000000712a00000| Complete 
| 133|0x0000000712c00000, 0x0000000712e00000, 0x0000000712e00000|100%|HC|  |TAMS 0x0000000712c00000, 0x0000000712c00000| Complete 
| 134|0x0000000712e00000, 0x0000000713000000, 0x0000000713000000|100%|HS|  |TAMS 0x0000000712e00000, 0x0000000712e00000| Complete 
| 135|0x0000000713000000, 0x0000000713200000, 0x0000000713200000|100%|HC|  |TAMS 0x0000000713000000, 0x0000000713000000| Complete 
| 136|0x0000000713200000, 0x0000000713400000, 0x0000000713400000|100%|HS|  |TAMS 0x0000000713200000, 0x0000000713200000| Complete 
| 137|0x0000000713400000, 0x0000000713600000, 0x0000000713600000|100%|HC|  |TAMS 0x0000000713400000, 0x0000000713400000| Complete 
| 138|0x0000000713600000, 0x0000000713800000, 0x0000000713800000|100%|HS|  |TAMS 0x0000000713600000, 0x0000000713600000| Complete 
| 139|0x0000000713800000, 0x0000000713a00000, 0x0000000713a00000|100%|HC|  |TAMS 0x0000000713800000, 0x0000000713800000| Complete 
| 140|0x0000000713a00000, 0x0000000713c00000, 0x0000000713c00000|100%|HS|  |TAMS 0x0000000713a00000, 0x0000000713a00000| Complete 
| 141|0x0000000713c00000, 0x0000000713e00000, 0x0000000713e00000|100%|HC|  |TAMS 0x0000000713c00000, 0x0000000713c00000| Complete 
| 142|0x0000000713e00000, 0x0000000714000000, 0x0000000714000000|100%|HS|  |TAMS 0x0000000713e00000, 0x0000000713e00000| Complete 
| 143|0x0000000714000000, 0x0000000714200000, 0x0000000714200000|100%|HC|  |TAMS 0x0000000714000000, 0x0000000714000000| Complete 
| 144|0x0000000714200000, 0x0000000714400000, 0x0000000714400000|100%|HS|  |TAMS 0x0000000714200000, 0x0000000714200000| Complete 
| 145|0x0000000714400000, 0x0000000714600000, 0x0000000714600000|100%|HC|  |TAMS 0x0000000714400000, 0x0000000714400000| Complete 
| 146|0x0000000714600000, 0x0000000714800000, 0x0000000714800000|100%|HS|  |TAMS 0x0000000714600000, 0x0000000714600000| Complete 
| 147|0x0000000714800000, 0x0000000714a00000, 0x0000000714a00000|100%|HC|  |TAMS 0x0000000714800000, 0x0000000714800000| Complete 
| 148|0x0000000714a00000, 0x0000000714c00000, 0x0000000714c00000|100%|HS|  |TAMS 0x0000000714a00000, 0x0000000714a00000| Complete 
| 149|0x0000000714c00000, 0x0000000714e00000, 0x0000000714e00000|100%|HC|  |TAMS 0x0000000714c00000, 0x0000000714c00000| Complete 
| 150|0x0000000714e00000, 0x0000000715000000, 0x0000000715000000|100%|HS|  |TAMS 0x0000000714e00000, 0x0000000714e00000| Complete 
| 151|0x0000000715000000, 0x0000000715200000, 0x0000000715200000|100%|HC|  |TAMS 0x0000000715000000, 0x0000000715000000| Complete 
| 152|0x0000000715200000, 0x0000000715400000, 0x0000000715400000|100%|HS|  |TAMS 0x0000000715200000, 0x0000000715200000| Complete 
| 153|0x0000000715400000, 0x0000000715600000, 0x0000000715600000|100%|HC|  |TAMS 0x0000000715400000, 0x0000000715400000| Complete 
| 154|0x0000000715600000, 0x0000000715800000, 0x0000000715800000|100%|HS|  |TAMS 0x0000000715600000, 0x0000000715600000| Complete 
| 155|0x0000000715800000, 0x0000000715a00000, 0x0000000715a00000|100%|HC|  |TAMS 0x0000000715800000, 0x0000000715800000| Complete 
| 156|0x0000000715a00000, 0x0000000715c00000, 0x0000000715c00000|100%|HS|  |TAMS 0x0000000715a00000, 0x0000000715a00000| Complete 
| 157|0x0000000715c00000, 0x0000000715e00000, 0x0000000715e00000|100%|HC|  |TAMS 0x0000000715c00000, 0x0000000715c00000| Complete 
| 158|0x0000000715e00000, 0x0000000716000000, 0x0000000716000000|100%|HS|  |TAMS 0x0000000715e00000, 0x0000000715e00000| Complete 
| 159|0x0000000716000000, 0x0000000716200000, 0x0000000716200000|100%|HC|  |TAMS 0x0000000716000000, 0x0000000716000000| Complete 
| 160|0x0000000716200000, 0x0000000716400000, 0x0000000716400000|100%|HS|  |TAMS 0x0000000716200000, 0x0000000716200000| Complete 
| 161|0x0000000716400000, 0x0000000716600000, 0x0000000716600000|100%|HC|  |TAMS 0x0000000716400000, 0x0000000716400000| Complete 
| 162|0x0000000716600000, 0x0000000716800000, 0x0000000716800000|100%|HS|  |TAMS 0x0000000716600000, 0x0000000716600000| Complete 
| 163|0x0000000716800000, 0x0000000716a00000, 0x0000000716a00000|100%|HC|  |TAMS 0x0000000716800000, 0x0000000716800000| Complete 
| 164|0x0000000716a00000, 0x0000000716c00000, 0x0000000716c00000|100%|HS|  |TAMS 0x0000000716a00000, 0x0000000716a00000| Complete 
| 165|0x0000000716c00000, 0x0000000716e00000, 0x0000000716e00000|100%|HC|  |TAMS 0x0000000716c00000, 0x0000000716c00000| Complete 
| 166|0x0000000716e00000, 0x0000000717000000, 0x0000000717000000|100%|HS|  |TAMS 0x0000000716e00000, 0x0000000716e00000| Complete 
| 167|0x0000000717000000, 0x0000000717200000, 0x0000000717200000|100%|HC|  |TAMS 0x0000000717000000, 0x0000000717000000| Complete 
| 168|0x0000000717200000, 0x0000000717400000, 0x0000000717400000|100%|HS|  |TAMS 0x0000000717200000, 0x0000000717200000| Complete 
| 169|0x0000000717400000, 0x0000000717600000, 0x0000000717600000|100%|HC|  |TAMS 0x0000000717400000, 0x0000000717400000| Complete 
| 170|0x0000000717600000, 0x0000000717800000, 0x0000000717800000|100%|HS|  |TAMS 0x0000000717600000, 0x0000000717600000| Complete 
| 171|0x0000000717800000, 0x0000000717a00000, 0x0000000717a00000|100%|HC|  |TAMS 0x0000000717800000, 0x0000000717800000| Complete 
| 172|0x0000000717a00000, 0x0000000717c00000, 0x0000000717c00000|100%|HS|  |TAMS 0x0000000717a00000, 0x0000000717a00000| Complete 
| 173|0x0000000717c00000, 0x0000000717e00000, 0x0000000717e00000|100%|HC|  |TAMS 0x0000000717c00000, 0x0000000717c00000| Complete 
| 174|0x0000000717e00000, 0x0000000718000000, 0x0000000718000000|100%|HS|  |TAMS 0x0000000717e00000, 0x0000000717e00000| Complete 
| 175|0x0000000718000000, 0x0000000718200000, 0x0000000718200000|100%|HC|  |TAMS 0x0000000718000000, 0x0000000718000000| Complete 
| 176|0x0000000718200000, 0x0000000718400000, 0x0000000718400000|100%|HS|  |TAMS 0x0000000718200000, 0x0000000718200000| Complete 
| 177|0x0000000718400000, 0x0000000718600000, 0x0000000718600000|100%|HC|  |TAMS 0x0000000718400000, 0x0000000718400000| Complete 
| 178|0x0000000718600000, 0x0000000718800000, 0x0000000718800000|100%|HS|  |TAMS 0x0000000718600000, 0x0000000718600000| Complete 
| 179|0x0000000718800000, 0x0000000718a00000, 0x0000000718a00000|100%|HC|  |TAMS 0x0000000718800000, 0x0000000718800000| Complete 
| 180|0x0000000718a00000, 0x0000000718c00000, 0x0000000718c00000|100%|HS|  |TAMS 0x0000000718a00000, 0x0000000718a00000| Complete 
| 181|0x0000000718c00000, 0x0000000718e00000, 0x0000000718e00000|100%|HC|  |TAMS 0x0000000718c00000, 0x0000000718c00000| Complete 
| 182|0x0000000718e00000, 0x0000000719000000, 0x0000000719000000|100%|HS|  |TAMS 0x0000000718e00000, 0x0000000718e00000| Complete 
| 183|0x0000000719000000, 0x0000000719200000, 0x0000000719200000|100%|HC|  |TAMS 0x0000000719000000, 0x0000000719000000| Complete 
| 184|0x0000000719200000, 0x0000000719400000, 0x0000000719400000|100%|HS|  |TAMS 0x0000000719200000, 0x0000000719200000| Complete 
| 185|0x0000000719400000, 0x0000000719600000, 0x0000000719600000|100%|HC|  |TAMS 0x0000000719400000, 0x0000000719400000| Complete 
| 186|0x0000000719600000, 0x0000000719800000, 0x0000000719800000|100%|HS|  |TAMS 0x0000000719600000, 0x0000000719600000| Complete 
| 187|0x0000000719800000, 0x0000000719a00000, 0x0000000719a00000|100%|HC|  |TAMS 0x0000000719800000, 0x0000000719800000| Complete 
| 188|0x0000000719a00000, 0x0000000719c00000, 0x0000000719c00000|100%|HS|  |TAMS 0x0000000719a00000, 0x0000000719a00000| Complete 
| 189|0x0000000719c00000, 0x0000000719e00000, 0x0000000719e00000|100%|HC|  |TAMS 0x0000000719c00000, 0x0000000719c00000| Complete 
| 190|0x0000000719e00000, 0x000000071a000000, 0x000000071a000000|100%|HS|  |TAMS 0x0000000719e00000, 0x0000000719e00000| Complete 
| 191|0x000000071a000000, 0x000000071a200000, 0x000000071a200000|100%|HC|  |TAMS 0x000000071a000000, 0x000000071a000000| Complete 
| 192|0x000000071a200000, 0x000000071a400000, 0x000000071a400000|100%|HS|  |TAMS 0x000000071a200000, 0x000000071a200000| Complete 
| 193|0x000000071a400000, 0x000000071a600000, 0x000000071a600000|100%|HC|  |TAMS 0x000000071a400000, 0x000000071a400000| Complete 
| 194|0x000000071a600000, 0x000000071a800000, 0x000000071a800000|100%|HS|  |TAMS 0x000000071a600000, 0x000000071a600000| Complete 
| 195|0x000000071a800000, 0x000000071aa00000, 0x000000071aa00000|100%|HC|  |TAMS 0x000000071a800000, 0x000000071a800000| Complete 
| 196|0x000000071aa00000, 0x000000071ac00000, 0x000000071ac00000|100%|HS|  |TAMS 0x000000071aa00000, 0x000000071aa00000| Complete 
| 197|0x000000071ac00000, 0x000000071ae00000, 0x000000071ae00000|100%|HC|  |TAMS 0x000000071ac00000, 0x000000071ac00000| Complete 
| 198|0x000000071ae00000, 0x000000071b000000, 0x000000071b000000|100%|HS|  |TAMS 0x000000071ae00000, 0x000000071ae00000| Complete 
| 199|0x000000071b000000, 0x000000071b200000, 0x000000071b200000|100%|HC|  |TAMS 0x000000071b000000, 0x000000071b000000| Complete 
| 200|0x000000071b200000, 0x000000071b400000, 0x000000071b400000|100%|HS|  |TAMS 0x000000071b200000, 0x000000071b200000| Complete 
| 201|0x000000071b400000, 0x000000071b600000, 0x000000071b600000|100%|HC|  |TAMS 0x000000071b400000, 0x000000071b400000| Complete 
| 202|0x000000071b600000, 0x000000071b800000, 0x000000071b800000|100%|HS|  |TAMS 0x000000071b600000, 0x000000071b600000| Complete 
| 203|0x000000071b800000, 0x000000071ba00000, 0x000000071ba00000|100%|HC|  |TAMS 0x000000071b800000, 0x000000071b800000| Complete 
| 204|0x000000071ba00000, 0x000000071bc00000, 0x000000071bc00000|100%|HS|  |TAMS 0x000000071ba00000, 0x000000071ba00000| Complete 
| 205|0x000000071bc00000, 0x000000071be00000, 0x000000071be00000|100%|HC|  |TAMS 0x000000071bc00000, 0x000000071bc00000| Complete 
| 206|0x000000071be00000, 0x000000071c000000, 0x000000071c000000|100%|HS|  |TAMS 0x000000071be00000, 0x000000071be00000| Complete 
| 207|0x000000071c000000, 0x000000071c200000, 0x000000071c200000|100%|HC|  |TAMS 0x000000071c000000, 0x000000071c000000| Complete 
| 208|0x000000071c200000, 0x000000071c400000, 0x000000071c400000|100%|HS|  |TAMS 0x000000071c200000, 0x000000071c200000| Complete 
| 209|0x000000071c400000, 0x000000071c600000, 0x000000071c600000|100%|HC|  |TAMS 0x000000071c400000, 0x000000071c400000| Complete 
| 210|0x000000071c600000, 0x000000071c800000, 0x000000071c800000|100%|HS|  |TAMS 0x000000071c600000, 0x000000071c600000| Complete 
| 211|0x000000071c800000, 0x000000071ca00000, 0x000000071ca00000|100%|HC|  |TAMS 0x000000071c800000, 0x000000071c800000| Complete 
| 212|0x000000071ca00000, 0x000000071cc00000, 0x000000071cc00000|100%|HS|  |TAMS 0x000000071ca00000, 0x000000071ca00000| Complete 
| 213|0x000000071cc00000, 0x000000071ce00000, 0x000000071ce00000|100%|HC|  |TAMS 0x000000071cc00000, 0x000000071cc00000| Complete 
| 214|0x000000071ce00000, 0x000000071d000000, 0x000000071d000000|100%|HS|  |TAMS 0x000000071ce00000, 0x000000071ce00000| Complete 
| 215|0x000000071d000000, 0x000000071d200000, 0x000000071d200000|100%|HC|  |TAMS 0x000000071d000000, 0x000000071d000000| Complete 
| 216|0x000000071d200000, 0x000000071d400000, 0x000000071d400000|100%|HS|  |TAMS 0x000000071d200000, 0x000000071d200000| Complete 
| 217|0x000000071d400000, 0x000000071d600000, 0x000000071d600000|100%|HC|  |TAMS 0x000000071d400000, 0x000000071d400000| Complete 
| 218|0x000000071d600000, 0x000000071d800000, 0x000000071d800000|100%|HS|  |TAMS 0x000000071d600000, 0x000000071d600000| Complete 
| 219|0x000000071d800000, 0x000000071da00000, 0x000000071da00000|100%|HC|  |TAMS 0x000000071d800000, 0x000000071d800000| Complete 
| 220|0x000000071da00000, 0x000000071dc00000, 0x000000071dc00000|100%|HS|  |TAMS 0x000000071da00000, 0x000000071da00000| Complete 
| 221|0x000000071dc00000, 0x000000071de00000, 0x000000071de00000|100%|HC|  |TAMS 0x000000071dc00000, 0x000000071dc00000| Complete 
| 222|0x000000071de00000, 0x000000071e000000, 0x000000071e000000|100%|HS|  |TAMS 0x000000071de00000, 0x000000071de00000| Complete 
| 223|0x000000071e000000, 0x000000071e200000, 0x000000071e200000|100%|HC|  |TAMS 0x000000071e000000, 0x000000071e000000| Complete 
| 224|0x000000071e200000, 0x000000071e400000, 0x000000071e400000|100%|HS|  |TAMS 0x000000071e200000, 0x000000071e200000| Complete 
| 225|0x000000071e400000, 0x000000071e600000, 0x000000071e600000|100%|HC|  |TAMS 0x000000071e400000, 0x000000071e400000| Complete 
| 226|0x000000071e600000, 0x000000071e800000, 0x000000071e800000|100%|HS|  |TAMS 0x000000071e600000, 0x000000071e600000| Complete 
| 227|0x000000071e800000, 0x000000071ea00000, 0x000000071ea00000|100%|HC|  |TAMS 0x000000071e800000, 0x000000071e800000| Complete 
| 228|0x000000071ea00000, 0x000000071ec00000, 0x000000071ec00000|100%|HS|  |TAMS 0x000000071ea00000, 0x000000071ea00000| Complete 
| 229|0x000000071ec00000, 0x000000071ee00000, 0x000000071ee00000|100%|HC|  |TAMS 0x000000071ec00000, 0x000000071ec00000| Complete 
| 230|0x000000071ee00000, 0x000000071f000000, 0x000000071f000000|100%|HS|  |TAMS 0x000000071ee00000, 0x000000071ee00000| Complete 
| 231|0x000000071f000000, 0x000000071f200000, 0x000000071f200000|100%|HC|  |TAMS 0x000000071f000000, 0x000000071f000000| Complete 
| 232|0x000000071f200000, 0x000000071f400000, 0x000000071f400000|100%|HS|  |TAMS 0x000000071f200000, 0x000000071f200000| Complete 
| 233|0x000000071f400000, 0x000000071f600000, 0x000000071f600000|100%|HC|  |TAMS 0x000000071f400000, 0x000000071f400000| Complete 

Card table byte_map: [0x000002b77d620000,0x000002b77de10000] _byte_map_base: 0x000002b779e0f000

Marking Bits (Prev, Next): (CMBitMap*) 0x000002b765b34160, (CMBitMap*) 0x000002b765b341a0
 Prev Bits: [0x000002b700000000, 0x000002b703f78000)
 Next Bits: [0x000002b703f80000, 0x000002b707ef8000)

Polling page: 0x000002b763aa0000

Metaspace:

Usage:
  Non-class:     11.99 MB capacity,    11.90 MB (>99%) used,    72.79 KB ( <1%) free+waste,    17.25 KB ( <1%) overhead. 
      Class:      1.51 MB capacity,     1.45 MB ( 96%) used,    53.74 KB (  3%) free+waste,     6.50 KB ( <1%) overhead. 
       Both:     13.50 MB capacity,    13.35 MB ( 99%) used,   126.53 KB ( <1%) free+waste,    23.75 KB ( <1%) overhead. 

Virtual space:
  Non-class space:       12.00 MB reserved,      12.00 MB (100%) committed 
      Class space:        1.00 GB reserved,       1.62 MB ( <1%) committed 
             Both:        1.01 GB reserved,      13.62 MB (  1%) committed 

Chunk freelists:
   Non-Class:  15.00 KB
       Class:  21.00 KB
        Both:  36.00 KB

MaxMetaspaceSize: 17179869184.00 GB
CompressedClassSpaceSize: 1.00 GB

CodeHeap 'non-profiled nmethods': size=120000Kb used=754Kb max_used=754Kb free=119246Kb
 bounds [0x000002b7757f0000, 0x000002b775a60000, 0x000002b77cd20000]
CodeHeap 'profiled nmethods': size=120000Kb used=4576Kb max_used=4576Kb free=115423Kb
 bounds [0x000002b76e2c0000, 0x000002b76e740000, 0x000002b7757f0000]
CodeHeap 'non-nmethods': size=5760Kb used=1359Kb max_used=1412Kb free=4400Kb
 bounds [0x000002b76dd20000, 0x000002b76df90000, 0x000002b76e2c0000]
 total_blobs=3056 nmethods=2386 adapters=582
 compilation: enabled
              stopped_count=0, restarted_count=0
 full_count=0

Compilation events (20 events):
Event: 20.570 Thread 0x000002b77f790480 2379       3       java.awt.geom.AffineTransform::setToTranslation (66 bytes)
Event: 20.570 Thread 0x000002b77f790480 nmethod 2379 0x000002b76e733f90 code [0x000002b76e734120, 0x000002b76e734358]
Event: 20.570 Thread 0x000002b77f790480 2377       3       java.lang.Float::equals (33 bytes)
Event: 20.570 Thread 0x000002b77f790480 nmethod 2377 0x000002b76e734410 code [0x000002b76e7345e0, 0x000002b76e734cb8]
Event: 20.570 Thread 0x000002b77f790480 2378   !   3       sun.font.GlyphLayout$LayoutEngineKey::equals (63 bytes)
Event: 20.571 Thread 0x000002b77f790480 nmethod 2378 0x000002b76e734e10 code [0x000002b76e734fe0, 0x000002b76e735468]
Event: 20.660 Thread 0x000002b77f785110 2380       4       java.lang.ref.SoftReference::get (29 bytes)
Event: 20.661 Thread 0x000002b77f785110 nmethod 2380 0x000002b7758a7f10 code [0x000002b7758a8080, 0x000002b7758a8158]
Event: 20.946 Thread 0x000002b77f785110 2381       4       java.awt.geom.Path2D$Float::append (229 bytes)
Event: 20.991 Thread 0x000002b77f785110 nmethod 2381 0x000002b7758a8210 code [0x000002b7758a8460, 0x000002b7758ab928]
Event: 21.294 Thread 0x000002b77f790480 2382       3       sun.font.ScriptRun::getPairIndex (61 bytes)
Event: 21.294 Thread 0x000002b77f790480 nmethod 2382 0x000002b76e735610 code [0x000002b76e7357c0, 0x000002b76e735b18]
Event: 21.461 Thread 0x000002b77f790480 2383       3       java.awt.image.ColorModel::<init> (309 bytes)
Event: 21.462 Thread 0x000002b77f790480 nmethod 2383 0x000002b76e735c90 code [0x000002b76e735f20, 0x000002b76e736c78]
Event: 21.570 Thread 0x000002b77f790480 2384       3       java.awt.image.DirectColorModel::<init> (11 bytes)
Event: 21.570 Thread 0x000002b77f790480 nmethod 2384 0x000002b76e737090 code [0x000002b76e737240, 0x000002b76e737368]
Event: 21.571 Thread 0x000002b77f790480 2385       3       java.awt.image.DirectColorModel::<init> (37 bytes)
Event: 21.571 Thread 0x000002b77f790480 nmethod 2385 0x000002b76e737410 code [0x000002b76e7375e0, 0x000002b76e737968]
Event: 21.572 Thread 0x000002b77f790480 2386       3       sun.font.Font2D::getItalicAngle (70 bytes)
Event: 21.572 Thread 0x000002b77f790480 nmethod 2386 0x000002b76e737a90 code [0x000002b76e737c80, 0x000002b76e738168]

GC Heap History (20 events):
Event: 17.170 GC heap before
{Heap before GC invocations=119 (full 0):
 garbage-first heap   total 61440K, used 25377K [0x0000000702200000, 0x0000000800000000)
  region size 2048K, 2 young (4096K), 1 survivors (2048K)
 Metaspace       used 13478K, capacity 13628K, committed 13952K, reserved 1060864K
  class space    used 1486K, capacity 1547K, committed 1664K, reserved 1048576K
}
Event: 17.171 GC heap after
{Heap after GC invocations=120 (full 0):
 garbage-first heap   total 61440K, used 8993K [0x0000000702200000, 0x0000000800000000)
  region size 2048K, 1 young (2048K), 1 survivors (2048K)
 Metaspace       used 13478K, capacity 13628K, committed 13952K, reserved 1060864K
  class space    used 1486K, capacity 1547K, committed 1664K, reserved 1048576K
}
Event: 17.324 GC heap before
{Heap before GC invocations=121 (full 0):
 garbage-first heap   total 61440K, used 25377K [0x0000000702200000, 0x0000000800000000)
  region size 2048K, 2 young (4096K), 1 survivors (2048K)
 Metaspace       used 13485K, capacity 13628K, committed 13952K, reserved 1060864K
  class space    used 1486K, capacity 1547K, committed 1664K, reserved 1048576K
}
Event: 17.324 GC heap after
{Heap after GC invocations=122 (full 0):
 garbage-first heap   total 61440K, used 21281K [0x0000000702200000, 0x0000000800000000)
  region size 2048K, 1 young (2048K), 1 survivors (2048K)
 Metaspace       used 13485K, capacity 13628K, committed 13952K, reserved 1060864K
  class space    used 1486K, capacity 1547K, committed 1664K, reserved 1048576K
}
Event: 17.369 GC heap before
{Heap before GC invocations=123 (full 0):
 garbage-first heap   total 61440K, used 25377K [0x0000000702200000, 0x0000000800000000)
  region size 2048K, 2 young (4096K), 1 survivors (2048K)
 Metaspace       used 13504K, capacity 13628K, committed 13952K, reserved 1060864K
  class space    used 1486K, capacity 1547K, committed 1664K, reserved 1048576K
}
Event: 17.369 GC heap after
{Heap after GC invocations=124 (full 0):
 garbage-first heap   total 61440K, used 8991K [0x0000000702200000, 0x0000000800000000)
  region size 2048K, 1 young (2048K), 1 survivors (2048K)
 Metaspace       used 13504K, capacity 13628K, committed 13952K, reserved 1060864K
  class space    used 1486K, capacity 1547K, committed 1664K, reserved 1048576K
}
Event: 17.495 GC heap before
{Heap before GC invocations=125 (full 0):
 garbage-first heap   total 61440K, used 25375K [0x0000000702200000, 0x0000000800000000)
  region size 2048K, 2 young (4096K), 1 survivors (2048K)
 Metaspace       used 13511K, capacity 13692K, committed 13952K, reserved 1060864K
  class space    used 1486K, capacity 1547K, committed 1664K, reserved 1048576K
}
Event: 17.496 GC heap after
{Heap after GC invocations=126 (full 0):
 garbage-first heap   total 61440K, used 21281K [0x0000000702200000, 0x0000000800000000)
  region size 2048K, 1 young (2048K), 1 survivors (2048K)
 Metaspace       used 13511K, capacity 13692K, committed 13952K, reserved 1060864K
  class space    used 1486K, capacity 1547K, committed 1664K, reserved 1048576K
}
Event: 17.538 GC heap before
{Heap before GC invocations=127 (full 0):
 garbage-first heap   total 61440K, used 25377K [0x0000000702200000, 0x0000000800000000)
  region size 2048K, 2 young (4096K), 1 survivors (2048K)
 Metaspace       used 13511K, capacity 13692K, committed 13952K, reserved 1060864K
  class space    used 1486K, capacity 1547K, committed 1664K, reserved 1048576K
}
Event: 17.538 GC heap after
{Heap after GC invocations=128 (full 0):
 garbage-first heap   total 61440K, used 8996K [0x0000000702200000, 0x0000000800000000)
  region size 2048K, 1 young (2048K), 1 survivors (2048K)
 Metaspace       used 13511K, capacity 13692K, committed 13952K, reserved 1060864K
  class space    used 1486K, capacity 1547K, committed 1664K, reserved 1048576K
}
Event: 17.699 GC heap before
{Heap before GC invocations=129 (full 0):
 garbage-first heap   total 61440K, used 25380K [0x0000000702200000, 0x0000000800000000)
  region size 2048K, 2 young (4096K), 1 survivors (2048K)
 Metaspace       used 13527K, capacity 13692K, committed 13952K, reserved 1060864K
  class space    used 1486K, capacity 1547K, committed 1664K, reserved 1048576K
}
Event: 17.699 GC heap after
{Heap after GC invocations=130 (full 0):
 garbage-first heap   total 61440K, used 21286K [0x0000000702200000, 0x0000000800000000)
  region size 2048K, 1 young (2048K), 1 survivors (2048K)
 Metaspace       used 13527K, capacity 13692K, committed 13952K, reserved 1060864K
  class space    used 1486K, capacity 1547K, committed 1664K, reserved 1048576K
}
Event: 17.730 GC heap before
{Heap before GC invocations=131 (full 0):
 garbage-first heap   total 61440K, used 25382K [0x0000000702200000, 0x0000000800000000)
  region size 2048K, 2 young (4096K), 1 survivors (2048K)
 Metaspace       used 13531K, capacity 13692K, committed 13952K, reserved 1060864K
  class space    used 1486K, capacity 1547K, committed 1664K, reserved 1048576K
}
Event: 17.731 GC heap after
{Heap after GC invocations=132 (full 0):
 garbage-first heap   total 61440K, used 8998K [0x0000000702200000, 0x0000000800000000)
  region size 2048K, 1 young (2048K), 1 survivors (2048K)
 Metaspace       used 13531K, capacity 13692K, committed 13952K, reserved 1060864K
  class space    used 1486K, capacity 1547K, committed 1664K, reserved 1048576K
}
Event: 17.871 GC heap before
{Heap before GC invocations=133 (full 0):
 garbage-first heap   total 61440K, used 25382K [0x0000000702200000, 0x0000000800000000)
  region size 2048K, 2 young (4096K), 1 survivors (2048K)
 Metaspace       used 13533K, capacity 13692K, committed 13952K, reserved 1060864K
  class space    used 1486K, capacity 1547K, committed 1664K, reserved 1048576K
}
Event: 17.871 GC heap after
{Heap after GC invocations=134 (full 0):
 garbage-first heap   total 61440K, used 21286K [0x0000000702200000, 0x0000000800000000)
  region size 2048K, 1 young (2048K), 1 survivors (2048K)
 Metaspace       used 13533K, capacity 13692K, committed 13952K, reserved 1060864K
  class space    used 1486K, capacity 1547K, committed 1664K, reserved 1048576K
}
Event: 17.903 GC heap before
{Heap before GC invocations=135 (full 0):
 garbage-first heap   total 61440K, used 25382K [0x0000000702200000, 0x0000000800000000)
  region size 2048K, 2 young (4096K), 1 survivors (2048K)
 Metaspace       used 13534K, capacity 13692K, committed 13952K, reserved 1060864K
  class space    used 1486K, capacity 1547K, committed 1664K, reserved 1048576K
}
Event: 17.903 GC heap after
{Heap after GC invocations=136 (full 0):
 garbage-first heap   total 61440K, used 9000K [0x0000000702200000, 0x0000000800000000)
  region size 2048K, 1 young (2048K), 1 survivors (2048K)
 Metaspace       used 13534K, capacity 13692K, committed 13952K, reserved 1060864K
  class space    used 1486K, capacity 1547K, committed 1664K, reserved 1048576K
}
Event: 19.571 GC heap before
{Heap before GC invocations=137 (full 0):
 garbage-first heap   total 233472K, used 228136K [0x0000000702200000, 0x0000000800000000)
  region size 2048K, 2 young (4096K), 1 survivors (2048K)
 Metaspace       used 13579K, capacity 13756K, committed 13952K, reserved 1060864K
  class space    used 1486K, capacity 1547K, committed 1664K, reserved 1048576K
}
Event: 19.572 GC heap after
{Heap after GC invocations=138 (full 0):
 garbage-first heap   total 235520K, used 222002K [0x0000000702200000, 0x0000000800000000)
  region size 2048K, 1 young (2048K), 1 survivors (2048K)
 Metaspace       used 13579K, capacity 13756K, committed 13952K, reserved 1060864K
  class space    used 1486K, capacity 1547K, committed 1664K, reserved 1048576K
}

Deoptimization events (20 events):
Event: 11.510 Thread 0x000002b70afd0330 Uncommon trap: trap_request=0xffffff45 fr.pc=0x000002b7757fb9d8 relative=0x0000000000000238
Event: 11.510 Thread 0x000002b70afd0330 Uncommon trap: reason=unstable_if action=reinterpret pc=0x000002b7757fb9d8 method=java.lang.String.hashCode()I @ 20 c2
Event: 11.510 Thread 0x000002b70afd0330 DEOPT PACKING pc=0x000002b7757fb9d8 sp=0x000000cca83fe260
Event: 11.510 Thread 0x000002b70afd0330 DEOPT UNPACKING pc=0x000002b76dd6e42f sp=0x000000cca83fe1f0 mode 2
Event: 11.535 Thread 0x000002b70afd0330 Uncommon trap: trap_request=0xffffff45 fr.pc=0x000002b775881278 relative=0x00000000000000f8
Event: 11.535 Thread 0x000002b70afd0330 Uncommon trap: reason=unstable_if action=reinterpret pc=0x000002b775881278 method=java.lang.ref.SoftReference.get()Ljava/lang/Object; @ 17 c2
Event: 11.535 Thread 0x000002b70afd0330 DEOPT PACKING pc=0x000002b775881278 sp=0x000000cca83fe0e0
Event: 11.535 Thread 0x000002b70afd0330 DEOPT UNPACKING pc=0x000002b76dd6e42f sp=0x000000cca83fe090 mode 2
Event: 11.551 Thread 0x000002b70afd0330 Uncommon trap: trap_request=0xffffff45 fr.pc=0x000002b77587fcc4 relative=0x00000000000000a4
Event: 11.551 Thread 0x000002b70afd0330 Uncommon trap: reason=unstable_if action=reinterpret pc=0x000002b77587fcc4 method=java.nio.Buffer.limit(I)Ljava/nio/Buffer; @ 42 c2
Event: 11.551 Thread 0x000002b70afd0330 DEOPT PACKING pc=0x000002b77587fcc4 sp=0x000000cca83fd290
Event: 11.551 Thread 0x000002b70afd0330 DEOPT UNPACKING pc=0x000002b76dd6e42f sp=0x000000cca83fd218 mode 2
Event: 11.556 Thread 0x000002b70afd0330 Uncommon trap: trap_request=0xffffff45 fr.pc=0x000002b775880890 relative=0x0000000000000170
Event: 11.556 Thread 0x000002b70afd0330 Uncommon trap: reason=unstable_if action=reinterpret pc=0x000002b775880890 method=sun.font.TrueTypeFont.getDirectoryEntry(I)Lsun/font/TrueTypeFont$DirectoryEntry; @ 7 c2
Event: 11.556 Thread 0x000002b70afd0330 DEOPT PACKING pc=0x000002b775880890 sp=0x000000cca83fdf50
Event: 11.556 Thread 0x000002b70afd0330 DEOPT UNPACKING pc=0x000002b76dd6e42f sp=0x000000cca83fdee0 mode 2
Event: 16.907 Thread 0x000002b70afd0330 Uncommon trap: trap_request=0xffffff45 fr.pc=0x000002b77588ae58 relative=0x0000000000003018
Event: 16.907 Thread 0x000002b70afd0330 Uncommon trap: reason=unstable_if action=reinterpret pc=0x000002b77588ae58 method=sun.font.TrueTypeFont.getTableBuffer(I)Ljava/nio/ByteBuffer; @ 9 c2
Event: 16.907 Thread 0x000002b70afd0330 DEOPT PACKING pc=0x000002b77588ae58 sp=0x000000cca83fcfe0
Event: 16.907 Thread 0x000002b70afd0330 DEOPT UNPACKING pc=0x000002b76dd6e42f sp=0x000000cca83fd008 mode 2

Classes unloaded (0 events):
No events

Classes redefined (0 events):
No events

Internal exceptions (20 events):
Event: 0.229 Thread 0x000002b765ae26b0 Exception <a 'java/lang/ClassNotFoundException'{0x0000000711ad49f0}: EditorPane> (0x0000000711ad49f0) 
thrown [./open/src/hotspot/share/classfile/systemDictionary.cpp, line 295]
Event: 0.229 Thread 0x000002b765ae26b0 Exception <a 'java/lang/ClassNotFoundException'{0x0000000711ad5350}: ToolBar> (0x0000000711ad5350) 
thrown [./open/src/hotspot/share/classfile/systemDictionary.cpp, line 295]
Event: 0.229 Thread 0x000002b765ae26b0 Exception <a 'java/lang/ClassNotFoundException'{0x0000000711ad5848}: ToolBar> (0x0000000711ad5848) 
thrown [./open/src/hotspot/share/classfile/systemDictionary.cpp, line 295]
Event: 0.229 Thread 0x000002b765ae26b0 Exception <a 'java/lang/ClassNotFoundException'{0x0000000711ad5ba8}: Button> (0x0000000711ad5ba8) 
thrown [./open/src/hotspot/share/classfile/systemDictionary.cpp, line 295]
Event: 0.229 Thread 0x000002b765ae26b0 Exception <a 'java/lang/ClassNotFoundException'{0x0000000711ad6070}: ToolBar> (0x0000000711ad6070) 
thrown [./open/src/hotspot/share/classfile/systemDictionary.cpp, line 295]
Event: 0.229 Thread 0x000002b765ae26b0 Exception <a 'java/lang/ClassNotFoundException'{0x0000000711ad63e0}: ToggleButton> (0x0000000711ad63e0) 
thrown [./open/src/hotspot/share/classfile/systemDictionary.cpp, line 295]
Event: 0.229 Thread 0x000002b765ae26b0 Exception <a 'java/lang/ClassNotFoundException'{0x0000000711ad6820}: javax/swing/JToolBarSeparator> (0x0000000711ad6820) 
thrown [./open/src/hotspot/share/classfile/systemDictionary.cpp, line 295]
Event: 0.229 Thread 0x000002b765ae26b0 Exception <a 'java/lang/ClassNotFoundException'{0x0000000711ad6b28}: ToolBarSeparator> (0x0000000711ad6b28) 
thrown [./open/src/hotspot/share/classfile/systemDictionary.cpp, line 295]
Event: 0.229 Thread 0x000002b765ae26b0 Exception <a 'java/lang/ClassNotFoundException'{0x0000000711ad7040}: ToolTip> (0x0000000711ad7040) 
thrown [./open/src/hotspot/share/classfile/systemDictionary.cpp, line 295]
Event: 0.230 Thread 0x000002b765ae26b0 Exception <a 'java/lang/ClassNotFoundException'{0x0000000711ad7990}: Tree> (0x0000000711ad7990) 
thrown [./open/src/hotspot/share/classfile/systemDictionary.cpp, line 295]
Event: 0.230 Thread 0x000002b765ae26b0 Exception <a 'java/lang/ClassNotFoundException'{0x0000000711ad7e88}: Tree> (0x0000000711ad7e88) 
thrown [./open/src/hotspot/share/classfile/systemDictionary.cpp, line 295]
Event: 0.230 Thread 0x000002b765ae26b0 Exception <a 'java/lang/ClassNotFoundException'{0x0000000711ad81f8}: javax/swing/JTreeCell> (0x0000000711ad81f8) 
thrown [./open/src/hotspot/share/classfile/systemDictionary.cpp, line 295]
Event: 0.230 Thread 0x000002b765ae26b0 Exception <a 'java/lang/ClassNotFoundException'{0x0000000711ad84f8}: TreeCell> (0x0000000711ad84f8) 
thrown [./open/src/hotspot/share/classfile/systemDictionary.cpp, line 295]
Event: 0.231 Thread 0x000002b765ae26b0 Exception <a 'java/lang/ClassNotFoundException'{0x0000000711ad8cb8}: RootPane> (0x0000000711ad8cb8) 
thrown [./open/src/hotspot/share/classfile/systemDictionary.cpp, line 295]
Event: 0.233 Thread 0x000002b765ae26b0 Exception <a 'java/lang/ClassNotFoundException'{0x0000000711adbb08}: com/sun/swing/internal/plaf/metal/resources/spi/metalProvider> (0x0000000711adbb08) 
thrown [./open/src/hotspot/share/classfile/systemDictionary.cpp, line 295]
Event: 0.234 Thread 0x000002b765ae26b0 Exception <a 'java/lang/ClassNotFoundException'{0x0000000711adf8c0}: com/sun/swing/internal/plaf/basic/resources/spi/basicProvider> (0x0000000711adf8c0) 
thrown [./open/src/hotspot/share/classfile/systemDictionary.cpp, line 295]
Event: 0.371 Thread 0x000002b70afd0330 Exception <a 'java/lang/ClassNotFoundException'{0x0000000711b50b48}: com/sun/swing/internal/plaf/synth/resources/spi/synthProvider> (0x0000000711b50b48) 
thrown [./open/src/hotspot/share/classfile/systemDictionary.cpp, line 295]
Event: 0.415 Thread 0x000002b70afd0330 Exception <a 'java/lang/NoSuchMethodError'{0x000000071184c0e0}: 'void java.lang.invoke.DirectMethodHandle$Holder.invokeStaticInit(java.lang.Object)'> (0x000000071184c0e0) 
thrown [./open/src/hotspot/share/interpreter/linkResolver.cpp, line 782]
Event: 0.458 Thread 0x000002b70afd0330 Exception <a 'java/lang/NoSuchMethodError'{0x00000007118b2d38}: 'void java.lang.invoke.DirectMethodHandle$Holder.invokeStatic(java.lang.Object, java.lang.Object, java.lang.Object)'> (0x00000007118b2d38) 
thrown [./open/src/hotspot/share/interpreter/linkResolver.cpp, line 782]
Event: 7.356 Thread 0x000002b77f82a270 Exception <a 'java/lang/NoSuchMethodError'{0x0000000711507548}: 'java.lang.Object java.lang.invoke.DirectMethodHandle$Holder.newInvokeSpecial(java.lang.Object, java.lang.Object, java.lang.Object, int, int, int, int, int)'> (0x0000000711507548) 
thrown [./open/src/hotspot/share/interpreter/linkResolver.cpp, line 782]

Events (20 events):
Event: 17.878 Executing VM operation: G1Concurrent done
Event: 17.903 Executing VM operation: G1TryInitiateConcMark
Event: 17.904 Executing VM operation: G1TryInitiateConcMark done
Event: 17.904 Executing VM operation: HandshakeAllThreads
Event: 17.904 Executing VM operation: HandshakeAllThreads done
Event: 17.907 Executing VM operation: G1Concurrent
Event: 17.908 Executing VM operation: G1Concurrent done
Event: 17.910 Executing VM operation: G1Concurrent
Event: 17.910 Executing VM operation: G1Concurrent done
Event: 18.923 Executing VM operation: HandshakeAllThreads
Event: 18.923 Executing VM operation: HandshakeAllThreads done
Event: 19.477 Loaded shared library C:\Program Files\Java\jdk-15.0.2\bin\java.dll
Event: 19.571 Executing VM operation: G1CollectForAllocation
Event: 19.572 Executing VM operation: G1CollectForAllocation done
Event: 19.572 Executing VM operation: HandshakeAllThreads
Event: 19.572 Executing VM operation: HandshakeAllThreads done
Event: 20.582 Executing VM operation: HandshakeAllThreads
Event: 20.582 Executing VM operation: HandshakeAllThreads done
Event: 21.587 Executing VM operation: HandshakeAllThreads
Event: 21.587 Executing VM operation: HandshakeAllThreads done


Dynamic libraries:
0x00007ff6e4ef0000 - 0x00007ff6e4eff000 	C:\Program Files\Java\jdk-15.0.2\bin\java.exe
0x00007ffc07e60000 - 0x00007ffc08067000 	C:\WINDOWS\SYSTEM32\ntdll.dll
0x00007ffc070e0000 - 0x00007ffc0719d000 	C:\WINDOWS\System32\KERNEL32.DLL
0x00007ffc05830000 - 0x00007ffc05ba4000 	C:\WINDOWS\System32\KERNELBASE.dll
0x00007ffc05bb0000 - 0x00007ffc05cc1000 	C:\WINDOWS\System32\ucrtbase.dll
0x00007ffc01180000 - 0x00007ffc01199000 	C:\Program Files\Java\jdk-15.0.2\bin\VCRUNTIME140.dll
0x00007ffc007f0000 - 0x00007ffc00808000 	C:\Program Files\Java\jdk-15.0.2\bin\jli.dll
0x00007ffc06e30000 - 0x00007ffc06ede000 	C:\WINDOWS\System32\ADVAPI32.dll
0x00007ffc071a0000 - 0x00007ffc07243000 	C:\WINDOWS\System32\msvcrt.dll
0x00007ffc06170000 - 0x00007ffc0620e000 	C:\WINDOWS\System32\sechost.dll
0x00007ffc07780000 - 0x00007ffc078a0000 	C:\WINDOWS\System32\RPCRT4.dll
0x00007ffc07b60000 - 0x00007ffc07d0c000 	C:\WINDOWS\System32\USER32.dll
0x00007ffc05cd0000 - 0x00007ffc05cf6000 	C:\WINDOWS\System32\win32u.dll
0x00007ffbf2420000 - 0x00007ffbf26c5000 	C:\WINDOWS\WinSxS\amd64_microsoft.windows.common-controls_6595b64144ccf1df_6.0.22000.120_none_9d947278b86cc467\COMCTL32.dll
0x00007ffc07250000 - 0x00007ffc07279000 	C:\WINDOWS\System32\GDI32.dll
0x00007ffc055a0000 - 0x00007ffc056b2000 	C:\WINDOWS\System32\gdi32full.dll
0x00007ffc05500000 - 0x00007ffc0559d000 	C:\WINDOWS\System32\msvcp_win.dll
0x00007ffbfffd0000 - 0x00007ffbfffda000 	C:\WINDOWS\SYSTEM32\VERSION.dll
0x00007ffc078b0000 - 0x00007ffc078e1000 	C:\WINDOWS\System32\IMM32.DLL
0x00007ffc019e0000 - 0x00007ffc019ec000 	C:\Program Files\Java\jdk-15.0.2\bin\vcruntime140_1.dll
0x00007ffbd19c0000 - 0x00007ffbd1a51000 	C:\Program Files\Java\jdk-15.0.2\bin\msvcp140.dll
0x00007ffb899b0000 - 0x00007ffb8a50e000 	C:\Program Files\Java\jdk-15.0.2\bin\server\jvm.dll
0x00007ffc078a0000 - 0x00007ffc078a8000 	C:\WINDOWS\System32\PSAPI.DLL
0x00007ffc019f0000 - 0x00007ffc019f9000 	C:\WINDOWS\SYSTEM32\WSOCK32.dll
0x00007ffc00880000 - 0x00007ffc008b3000 	C:\WINDOWS\SYSTEM32\WINMM.dll
0x00007ffc07060000 - 0x00007ffc070cf000 	C:\WINDOWS\System32\WS2_32.dll
0x00007ffc04410000 - 0x00007ffc04428000 	C:\WINDOWS\SYSTEM32\kernel.appcore.dll
0x00007ffc019b0000 - 0x00007ffc019ba000 	C:\Program Files\Java\jdk-15.0.2\bin\jimage.dll
0x00007ffbff570000 - 0x00007ffbff791000 	C:\WINDOWS\SYSTEM32\DBGHELP.DLL
0x00007ffbff3d0000 - 0x00007ffbff401000 	C:\WINDOWS\SYSTEM32\dbgcore.DLL
0x00007ffc053c0000 - 0x00007ffc0543f000 	C:\WINDOWS\System32\bcryptPrimitives.dll
0x00007ffbe9cf0000 - 0x00007ffbe9d15000 	C:\Program Files\Java\jdk-15.0.2\bin\java.dll
0x00007ffc06680000 - 0x00007ffc06e2e000 	C:\WINDOWS\System32\SHELL32.dll
0x00007ffc03480000 - 0x00007ffc03ce7000 	C:\WINDOWS\SYSTEM32\windows.storage.dll
0x00007ffc072e0000 - 0x00007ffc07658000 	C:\WINDOWS\System32\combase.dll
0x00007ffc03310000 - 0x00007ffc03476000 	C:\WINDOWS\SYSTEM32\wintypes.dll
0x00007ffc07d10000 - 0x00007ffc07dfa000 	C:\WINDOWS\System32\SHCORE.dll
0x00007ffc06530000 - 0x00007ffc0658d000 	C:\WINDOWS\System32\shlwapi.dll
0x00007ffc05280000 - 0x00007ffc052a1000 	C:\WINDOWS\SYSTEM32\profapi.dll
0x00007ffc008c0000 - 0x00007ffc008d9000 	C:\Program Files\Java\jdk-15.0.2\bin\net.dll
0x00007ffc004c0000 - 0x00007ffc005cc000 	C:\WINDOWS\SYSTEM32\WINHTTP.dll
0x00007ffc04830000 - 0x00007ffc04897000 	C:\WINDOWS\system32\mswsock.dll
0x00007ffbf92d0000 - 0x00007ffbf92e2000 	C:\Program Files\Java\jdk-15.0.2\bin\nio.dll
0x00007ffbe9cd0000 - 0x00007ffbe9ce8000 	C:\Program Files\Java\jdk-15.0.2\bin\zip.dll
0x00007ffbdb7f0000 - 0x00007ffbdb970000 	C:\Program Files\Java\jdk-15.0.2\bin\awt.dll
0x00007ffc06ef0000 - 0x00007ffc06fc6000 	C:\WINDOWS\System32\OLEAUT32.dll
0x00007ffc028b0000 - 0x00007ffc02941000 	C:\WINDOWS\SYSTEM32\apphelp.dll
0x00007ffc02a20000 - 0x00007ffc02acc000 	C:\WINDOWS\system32\uxtheme.dll
0x00007ffc07660000 - 0x00007ffc0777e000 	C:\WINDOWS\System32\MSCTF.dll
0x00007ffc078f0000 - 0x00007ffc07a8a000 	C:\WINDOWS\System32\ole32.dll
0x00007ffc02e00000 - 0x00007ffc02e2f000 	C:\WINDOWS\system32\DWMAPI.DLL
0x00007ffbcfeb0000 - 0x00007ffbcff35000 	C:\Program Files\Java\jdk-15.0.2\bin\freetype.dll
0x00007ffbcfe00000 - 0x00007ffbcfea9000 	C:\Program Files\Java\jdk-15.0.2\bin\fontmanager.dll
0x00007ffbd1230000 - 0x00007ffbd1331000 	C:\WINDOWS\system32\opengl32.dll
0x00007ffbd1e60000 - 0x00007ffbd1e8d000 	C:\WINDOWS\SYSTEM32\GLU32.dll
0x00007ffc02b60000 - 0x00007ffc02b98000 	C:\WINDOWS\SYSTEM32\dxcore.dll
0x00007ffbda590000 - 0x00007ffbda736000 	C:\WINDOWS\system32\d3d9.dll
0x00007ffbe5fd0000 - 0x00007ffbe60d6000 	C:\WINDOWS\System32\DriverStore\FileRepository\nv_dispi.inf_amd64_642e50d7b66aa2a4\nvldumdx.dll
0x00007ffc04c40000 - 0x00007ffc04c52000 	C:\WINDOWS\SYSTEM32\msasn1.dll
0x00007ffbffe50000 - 0x00007ffbffe81000 	C:\WINDOWS\SYSTEM32\cryptnet.dll
0x00007ffc056c0000 - 0x00007ffc05822000 	C:\WINDOWS\System32\CRYPT32.dll
0x00007ffbfcea0000 - 0x00007ffbfcfe9000 	C:\WINDOWS\SYSTEM32\drvstore.dll
0x00007ffc05070000 - 0x00007ffc0509c000 	C:\WINDOWS\SYSTEM32\devobj.dll
0x00007ffc05020000 - 0x00007ffc0506c000 	C:\WINDOWS\SYSTEM32\cfgmgr32.dll
0x00007ffc04b50000 - 0x00007ffc04b8d000 	C:\WINDOWS\SYSTEM32\wldp.dll
0x00007ffc04af0000 - 0x00007ffc04afc000 	C:\WINDOWS\SYSTEM32\cryptbase.dll
0x00007ffc05350000 - 0x00007ffc053b6000 	C:\WINDOWS\System32\WINTRUST.DLL
0x00007ffc07b40000 - 0x00007ffc07b5f000 	C:\WINDOWS\System32\imagehlp.dll
0x00007ffc04bf0000 - 0x00007ffc04c08000 	C:\WINDOWS\SYSTEM32\CRYPTSP.dll
0x00007ffc04370000 - 0x00007ffc043a5000 	C:\WINDOWS\system32\rsaenh.dll
0x00007ffc04d30000 - 0x00007ffc04d57000 	C:\WINDOWS\SYSTEM32\bcrypt.dll
0x00007ffbb3a80000 - 0x00007ffbb5215000 	C:\WINDOWS\System32\DriverStore\FileRepository\nv_dispi.inf_amd64_642e50d7b66aa2a4\nvd3dumx.dll
0x00007ffbe9020000 - 0x00007ffbe9064000 	C:\WINDOWS\SYSTEM32\directxdatabasehelper.dll
0x00007ffc02cb0000 - 0x00007ffc02ce4000 	C:\WINDOWS\SYSTEM32\ntmarta.dll
0x00007ffbfdd80000 - 0x00007ffbfdee5000 	C:\Windows\System32\DriverStore\FileRepository\iigd_dch.inf_amd64_0a2959ddde87a721\igdumdim64.dll
0x00007ffb80140000 - 0x00007ffb848c0000 	C:\Windows\System32\DriverStore\FileRepository\iigd_dch.inf_amd64_0a2959ddde87a721\igd9dxva64.dll
0x00007ffc05d00000 - 0x00007ffc0616b000 	C:\WINDOWS\System32\SETUPAPI.dll
0x00007ffbe0190000 - 0x00007ffbe03e8000 	C:\Windows\System32\DriverStore\FileRepository\iigd_dch.inf_amd64_0a2959ddde87a721\igdgmm64.dll
0x00007ffb93d60000 - 0x00007ffb94025000 	C:\WINDOWS\system32\nvspcap64.dll
0x00007ffc048a0000 - 0x00007ffc048c4000 	C:\WINDOWS\SYSTEM32\gpapi.dll
0x00007ffc07a90000 - 0x00007ffc07b3f000 	C:\WINDOWS\System32\clbcatq.dll
0x00007ffbe64f0000 - 0x00007ffbe669e000 	C:\WINDOWS\SYSTEM32\WindowsCodecs.dll
0x00007ffc00dc0000 - 0x00007ffc00e1d000 	C:\WINDOWS\system32\dataexchange.dll
0x00007ffc008e0000 - 0x00007ffc00b46000 	C:\WINDOWS\system32\twinapi.appcore.dll
0x00007ffbe2780000 - 0x00007ffbe28ad000 	C:\WINDOWS\SYSTEM32\textinputframework.dll
0x00007ffc025c0000 - 0x00007ffc026f2000 	C:\WINDOWS\SYSTEM32\CoreMessaging.dll
0x00007ffbe8430000 - 0x00007ffbe879d000 	C:\WINDOWS\SYSTEM32\CoreUIComponents.dll
0x00007ffc04000000 - 0x00007ffc040e7000 	C:\WINDOWS\SYSTEM32\DNSAPI.dll
0x00007ffc03f80000 - 0x00007ffc03fad000 	C:\WINDOWS\SYSTEM32\IPHLPAPI.DLL
0x00007ffc070d0000 - 0x00007ffc070d9000 	C:\WINDOWS\System32\NSI.dll
0x00007ffbfda50000 - 0x00007ffbfda5a000 	C:\Windows\System32\rasadhlp.dll
0x00007ffbff9d0000 - 0x00007ffbffa51000 	C:\WINDOWS\System32\fwpuclnt.dll

dbghelp: loaded successfully - version: 4.0.5 - missing functions: none
symbol engine: initialized successfully - sym options: 0x614 - pdb path: .;C:\Program Files\Java\jdk-15.0.2\bin;C:\WINDOWS\SYSTEM32;C:\WINDOWS\WinSxS\amd64_microsoft.windows.common-controls_6595b64144ccf1df_6.0.22000.120_none_9d947278b86cc467;C:\Program Files\Java\jdk-15.0.2\bin\server;C:\WINDOWS\System32\DriverStore\FileRepository\nv_dispi.inf_amd64_642e50d7b66aa2a4;C:\Windows\System32\DriverStore\FileRepository\iigd_dch.inf_amd64_0a2959ddde87a721

VM Arguments:
jvm_args: -Dfile.encoding=UTF-8 --module-path=D:\GitHub\MarioTriviaRN\MarioTrivia\build\classes 
java_command: mariotrivia.SchermataConnessione
java_class_path (initial): C:\Program Files\NetBeans-12.6\netbeans\java\modules\ext\AbsoluteLayout.jar;D:\GitHub\MarioTriviaRN\MarioTrivia\build\classes
Launcher Type: SUN_STANDARD

[Global flags]
     intx CICompilerCount                          = 3                                         {product} {ergonomic}
     uint ConcGCThreads                            = 2                                         {product} {ergonomic}
     uint G1ConcRefinementThreads                  = 6                                         {product} {ergonomic}
   size_t G1HeapRegionSize                         = 2097152                                   {product} {ergonomic}
    uintx GCDrainStackTargetSize                   = 64                                        {product} {ergonomic}
   size_t InitialHeapSize                          = 266338304                                 {product} {ergonomic}
   size_t MarkStackSize                            = 4194304                                   {product} {ergonomic}
   size_t MaxHeapSize                              = 4259315712                                {product} {ergonomic}
   size_t MaxNewSize                               = 2554331136                                {product} {ergonomic}
   size_t MinHeapDeltaBytes                        = 2097152                                   {product} {ergonomic}
   size_t MinHeapSize                              = 8388608                                   {product} {ergonomic}
    uintx NonNMethodCodeHeapSize                   = 5832780                                {pd product} {ergonomic}
    uintx NonProfiledCodeHeapSize                  = 122912730                              {pd product} {ergonomic}
    uintx ProfiledCodeHeapSize                     = 122912730                              {pd product} {ergonomic}
    uintx ReservedCodeCacheSize                    = 251658240                              {pd product} {ergonomic}
     bool SegmentedCodeCache                       = true                                      {product} {ergonomic}
   size_t SoftMaxHeapSize                          = 4259315712                             {manageable} {ergonomic}
     bool UseCompressedClassPointers               = true                                 {lp64_product} {ergonomic}
     bool UseCompressedOops                        = true                                 {lp64_product} {ergonomic}
     bool UseG1GC                                  = true                                      {product} {ergonomic}
     bool UseLargePagesIndividualAllocation        = false                                  {pd product} {ergonomic}

Logging:
Log output configuration:
 #0: stdout all=warning uptime,level,tags
 #1: stderr all=off uptime,level,tags

Environment Variables:
JAVA_HOME=C:\Program Files\AdoptOpenJDK\jdk-11.0.9.101-hotspot\
PATH=C:\Program Files\Eclipse Foundation\jdk-8.0.302.8-hotspot\bin;C:\Program Files (x86)\Common Files\Oracle\Java\javapath;C:\ProgramData\Oracle\Java\javapath;C:\Program Files\AdoptOpenJDK\jdk-11.0.9.101-hotspot\bin;C:\Program Files\AdoptOpenJDK\jdk-15.0.1.9-hotspot\bin;C:\Program Files\Common Files\Oracle\Java\javapath;C:\Windows\system32;C:\Windows;C:\Windows\System32\Wbem;C:\Windows\System32\WindowsPowerShell\v1.0\;C:\Windows\System32\OpenSSH\;C:\Program Files\NVIDIA Corporation\NVIDIA NvDLISR;C:\Program Files (x86)\NVIDIA Corporation\PhysX\Common;C:\Program Files\Microsoft SQL Server\130\Tools\Binn\;C:\Program Files\Microsoft SQL Server\Client SDK\ODBC\170\Tools\Binn\;D:\Doxygen\doxygen\bin;C:\Users\Mattia\AppData\Local\Microsoft\WindowsApps;C:\Users\Mattia\AppData\Local\Programs\Microsoft VS Code\bin;C:\Program Files\CodeBlocks\MinGW\bin;C:\Users\Mattia\AppData\Local\GitHubDesktop\bin;C:\Users\Mattia\.dotnet\tools;C:\adb;C:\WINDOWS\system32;C:\WINDOWS;C:\WINDOWS\System32\Wbem;C:\WINDOWS\System32\WindowsPowerShell\v1.0\;C:\WINDOWS\System32\OpenSSH\;C:\Program Files\dotnet\;C:\Users\Mattia\AppData\Local\Microsoft\WindowsApps;C:\Users\Mattia\AppData\Local\Programs\Microsoft VS Code\bin;C:\Program Files\CodeBlocks\MinGW\bin;C:\Users\Mattia\AppData\Local\GitHubDesktop\bin;C:\Users\Mattia\.dotnet\tools
USERNAME=Mattia
OS=Windows_NT
PROCESSOR_IDENTIFIER=Intel64 Family 6 Model 158 Stepping 13, GenuineIntel



---------------  S Y S T E M  ---------------

OS:
 Windows 10 , 64 bit Build 22000 (10.0.22000.434)
OS uptime: 0 days 6:55 hours
HyperV virtualization detected

CPU: total 6 (initial active 6) (6 cores per cpu, 1 threads per core) family 6 model 158 stepping 13 microcode 0xde, cmov, cx8, fxsr, mmx, sse, sse2, sse3, ssse3, sse4.1, sse4.2, popcnt, vzeroupper, avx, avx2, aes, clmul, erms, 3dnowpref, lzcnt, tsc, tscinvbit, bmi1, bmi2, adx, fma, clflush, clflushopt

Memory: 4k page, system-wide physical 16246M (4640M free)
TotalPageFile size 65398M (AvailPageFile size 5M)
current process WorkingSet (physical memory assigned to process): 374M, peak: 374M
current process commit charge ("private bytes"): 629M, peak: 631M

vm_info: Java HotSpot(TM) 64-Bit Server VM (15.0.2+7-27) for windows-amd64 JRE (15.0.2+7-27), built on Dec  7 2020 20:07:01 by "mach5one" with unknown MS VC++:1925

END.
